<?xml version="1.0" encoding="UTF-8"?>
<!-- Generated by org.testng.reporters.JUnitXMLReporter -->
<testsuite hostname="UMA" ignored="0" name="Default test" tests="3" failures="0" timestamp="22 Apr 2020 14:23:21 GMT" time="18.283" errors="0">
  <testcase name="verifyLoginPageTitleTest" time="0.021" classname="com.qa.hubspot.test.LogingPageTest"/>
  <testcase name="verifySignupLinkTest" time="0.217" classname="com.qa.hubspot.test.LogingPageTest"/>
  <testcase name="verifyloginTest" time="1.198" classname="com.qa.hubspot.test.LogingPageTest"/>
</testsuite> <!-- Default test -->
